18 Mar 2020 12:15:46,997 system - system - system ERROR SQLHandLogger - SUPPRESSED : ERROR: database "lsfusion_lstestlocal" already exists
	at org.postgresql.core.v3.QueryExecutorImpl.receiveErrorResponse(QueryExecutorImpl.java:2497)
	at org.postgresql.core.v3.QueryExecutorImpl.processResults(QueryExecutorImpl.java:2233)
	at org.postgresql.core.v3.QueryExecutorImpl.execute(QueryExecutorImpl.java:310)
	at org.postgresql.jdbc.PgStatement.executeInternal(PgStatement.java:446)
	at org.postgresql.jdbc.PgStatement.execute(PgStatement.java:370)
	at org.postgresql.jdbc.PgStatement.executeWithFlags(PgStatement.java:311)
	at org.postgresql.jdbc.PgStatement.executeCachedSql(PgStatement.java:297)
	at org.postgresql.jdbc.PgStatement.executeWithFlags(PgStatement.java:274)
	at org.postgresql.jdbc.PgStatement.execute(PgStatement.java:269)
	at lsfusion.server.data.sql.adapter.PostgreDataAdapter.ensureDB(PostgreDataAdapter.java:93)
	at lsfusion.server.data.sql.adapter.DataAdapter.ensure(DataAdapter.java:68)
	at lsfusion.server.physics.exec.db.controller.manager.DBManager.initReflectionEvents(DBManager.java:187)
	at lsfusion.server.physics.admin.reflection.controller.init.InitReflectionEventsTask.run(InitReflectionEventsTask.java:13)
	at lsfusion.server.base.task.Task.proceed(Task.java:143)
	at lsfusion.server.base.task.Task$1.aspectRun(Task.java:101)
	at lsfusion.server.base.controller.thread.ExecutorFactory$AspectRunnable.run(ExecutorFactory.java:465)
	at java.base/java.util.concurrent.ThreadPoolExecutor.runWorker(ThreadPoolExecutor.java:1128)
	at java.base/java.util.concurrent.ThreadPoolExecutor$Worker.run(ThreadPoolExecutor.java:628)
	at java.base/java.lang.Thread.run(Thread.java:834)
	at lsfusion.server.base.controller.thread.ExecutorFactory$ClosableDaemonThreadFactory$ClosableThread.run(ExecutorFactory.java:536)


	at lsfusion.base.ExceptionUtils.getStackTrace(ExceptionUtils.java:26)
	at lsfusion.server.base.controller.stack.ExecutionStackAspect.getExStackTrace(ExecutionStackAspect.java:344)
	at lsfusion.server.physics.admin.log.ServerLoggers.sqlSuppLog(ServerLoggers.java:98)
	at lsfusion.server.data.sql.adapter.PostgreDataAdapter.ensureDB(PostgreDataAdapter.java:95)
	at lsfusion.server.data.sql.adapter.DataAdapter.ensure(DataAdapter.java:68)
	at lsfusion.server.physics.exec.db.controller.manager.DBManager.initReflectionEvents(DBManager.java:187)
	at lsfusion.server.physics.admin.reflection.controller.init.InitReflectionEventsTask.run(InitReflectionEventsTask.java:13)
	at lsfusion.server.base.task.Task.proceed(Task.java:143)
	at lsfusion.server.base.task.Task$1.aspectRun(Task.java:101)
	at lsfusion.server.base.controller.thread.ExecutorFactory$AspectRunnable.run(ExecutorFactory.java:465)
	at java.base/java.util.concurrent.ThreadPoolExecutor.runWorker(ThreadPoolExecutor.java:1128)
	at java.base/java.util.concurrent.ThreadPoolExecutor$Worker.run(ThreadPoolExecutor.java:628)
	at java.base/java.lang.Thread.run(Thread.java:834)
	at lsfusion.server.base.controller.thread.ExecutorFactory$ClosableDaemonThreadFactory$ClosableThread.run(ExecutorFactory.java:536)

18 Mar 2020 12:15:52,352 system - system - system  INFO SQLHandLogger - TRANSACTION  lsfusion.server.data.sql.exception.SQLConflictException: UPDATE_CONFLICTUPDATE _auto SET Time_currentDateTimeSnapshot=CAST('2020-03-18 12:15:52.1+03' AS timestamp) FROM dumb WHERE 1=1
18 Mar 2020 12:15:52,493 system - system - system  INFO SQLHandLogger - TRANSACTION  lsfusion.server.data.sql.exception.SQLConflictException: UPDATE_CONFLICTUPDATE _auto SET Service_restartPushed=NULL,SystemEvents_currentLaunch=1360,Service_uploadPassword=CAST('11111' AS varchar(100)),Profiler_isStartedProfiler=NULL,Scheduler_isStartedScheduler=1,Service_uploadHost=CAST('localhost' AS varchar(100)),Service_uploadUser=CAST('sa' AS varchar(100)),Service_uploadInstance=CAST('SQLEXPRESS' AS varchar(100)),Service_uploadType=125,Service_apiVersion=99,Service_platformVersion=CAST('3.0' AS text) FROM dumb WHERE 1=1
18 Mar 2020 12:15:54,881 system - system - system  INFO SQLHandLogger -  lsfusion.server.data.sql.exception.SQLTimeoutException: TIMEOUT TIMEOUTINSERT INTO t_0 (k0) SELECT t0.key0 AS jkey0 FROM Reflection_tableColumn t0 LEFT JOIN (SELECT t0.key0 AS k0,(SELECT jprop0 FROM (SELECT w1t1.k0 AS jkey0,1 AS jprop0 FROM t_28 w1t1 JOIN (SELECT CAST((CAST((w1t1.Reflection_sid_Table || CAST('.' AS varchar(1))) AS varchar(101)) || w1t0.Reflection_sid_TableColumn) AS varchar(201)) AS k0,ANYVALUE(w1t0.key0) AS e0 FROM Reflection_tableColumn w1t0 JOIN Reflection_tables w1t1 ON w1t1.key0=w1t0.Reflection_table_TableColumn WHERE (w1t1.Reflection_sid_Table IS NOT NULL AND w1t0.Reflection_sid_TableColumn IS NOT NULL) GROUP BY 1) w1t0 ON w1t0.k0=w1t1.p20 LEFT JOIN (SELECT CAST((CAST((w1t1.Reflection_sid_Table || CAST('.' AS varchar(1))) AS varchar(101)) || w1t0.Reflection_sid_TableColumn) AS varchar(201)) AS k0,ANYVALUE(w1t0.key0) AS e0 FROM Reflection_tableColumn w1t0 JOIN Reflection_tables w1t1 ON w1t1.key0=w1t0.Reflection_table_TableColumn WHERE (w1t0.Reflection_table_TableColumn=442 AND w1t1.Reflection_sid_Table IS NOT NULL AND w1t0.Reflection_sid_TableColumn IS NOT NULL) GROUP BY 1) w1t2 ON w1t2.k0=w1t1.p20 WHERE (w1t2.e0 IS NULL AND w1t0.e0=t0.key0) LIMIT 1) w1w1LEALIAS) AS e0 FROM Reflection_tableColumn t0 WHERE 1=1) t1 ON t1.k0=t0.key0 WHERE t1.e0 IS NULL
18 Mar 2020 12:15:57,853 system - system - system  INFO SQLHandLogger -  lsfusion.server.data.sql.exception.SQLTimeoutException: TIMEOUT TIMEOUTINSERT INTO t_20 (k0,p00) (SELECT t0.key0 AS jkey0,t1.e0 AS jprop0 FROM Reflection_tableColumn t0 JOIN (SELECT t0.key0 AS k0,(SELECT jprop0 FROM (SELECT w1t1.k0 AS jkey0,w1t1.p10 AS jprop0 FROM t_28 w1t1 JOIN (SELECT CAST((CAST((w1t1.Reflection_sid_Table || CAST('.' AS varchar(1))) AS varchar(101)) || w1t0.Reflection_sid_TableColumn) AS varchar(201)) AS k0,ANYVALUE(w1t0.key0) AS e0 FROM Reflection_tableColumn w1t0 JOIN Reflection_tables w1t1 ON w1t1.key0=w1t0.Reflection_table_TableColumn WHERE (w1t1.Reflection_sid_Table IS NOT NULL AND w1t0.Reflection_sid_TableColumn IS NOT NULL) GROUP BY 1) w1t0 ON w1t0.k0=w1t1.p20 LEFT JOIN t_29 w1t2 ON w1t2.k0=w1t1.p20 LEFT JOIN t_32 w1t3 ON w1t3.k0=w1t1.p20 WHERE (w1t1.p10 IS NOT NULL AND NOT w1t2.k0 IS NOT NULL AND NOT w1t3.k0 IS NOT NULL AND w1t0.e0=t0.key0) ORDER BY 2 DESC NULLS LAST LIMIT 1) w1w1LEALIAS) AS e0,(SELECT jprop0 FROM (SELECT w1t1.k0 AS jkey0,1 AS jprop0 FROM t_28 w1t1 JOIN (SELECT CAST((CAST((w1t1.Reflection_sid_Table || CAST('.' AS varchar(1))) AS varchar(101)) || w1t0.Reflection_sid_TableColumn) AS varchar(201)) AS k0,ANYVALUE(w1t0.key0) AS e0 FROM Reflection_tableColumn w1t0 JOIN Reflection_tables w1t1 ON w1t1.key0=w1t0.Reflection_table_TableColumn WHERE (w1t1.Reflection_sid_Table IS NOT NULL AND w1t0.Reflection_sid_TableColumn IS NOT NULL) GROUP BY 1) w1t0 ON w1t0.k0=w1t1.p20 LEFT JOIN t_29 w1t2 ON w1t2.k0=w1t1.p20 LEFT JOIN t_32 w1t3 ON w1t3.k0=w1t1.p20 WHERE (NOT w1t2.k0 IS NOT NULL AND NOT w1t3.k0 IS NOT NULL AND w1t0.e0=t0.key0) LIMIT 1) w1w2LEALIAS) AS e1 FROM Reflection_tableColumn t0 WHERE 1=1) t1 ON t1.k0=t0.key0 LEFT JOIN t_27 t2 ON t2.k0=t0.key0 WHERE ((t0.Reflection_sid_TableColumn IS NULL OR t1.e0 IS NULL OR NOT t0.Reflection_sid_TableColumn=t1.e0) AND t1.e1 IS NOT NULL AND NOT t2.k0 IS NOT NULL)) UNION (SELECT t0.k0 AS jkey0,t1.e0 AS jprop0 FROM t_27 t0 JOIN (SELECT t0.p00 AS k0,MAX(t1.p10) AS e0,ANYVALUE(1) AS e1 FROM t_28 t1 JOIN t_29 t0 ON t0.k0=t1.p20 JOIN t_27 t2 ON t2.k0=t0.p00 WHERE t2.p00 IS NOT NULL GROUP BY 1) t1 ON t1.k0=t0.k0 WHERE (t1.e1 IS NOT NULL AND t0.p00 IS NOT NULL))
